6

Дата: 2020.08.26
Время: 20:32
Уникальный id: 1
Результат действия: Автоответчик
Номер телефона: 84654522
Длительность аудио: 5.700s
Результат распознавания: вас приветствует автоответчик оставьте сообщение после сигнала

Дата: 2020.08.26
Время: 20:32
Уникальный id: 2
Результат действия: Автоответчик
Номер телефона: 84654522
Длительность аудио: 5.700s
Результат распознавания: вас приветствует автоответчик оставьте сообщение после сигнала

Дата: 2020.08.26
Время: 20:32
Уникальный id: 3
Результат действия: Автоответчик
Номер телефона: 84654522
Длительность аудио: 5.700s
Результат распознавания: вас приветствует автоответчик оставьте сообщение после сигнала

Дата: 2020.08.26
Время: 20:52
Уникальный id: 4
Результат действия: Человек
Номер телефона: 84654522
Длительность аудио: 3.600s
Результат распознавания: нет я сейчас на работе до свидания

Дата: 2020.08.26
Время: 21:00
Уникальный id: 5
Результат действия: Человек
Номер телефона: 84654522
Длительность аудио: 3.600s
Результат распознавания: нет я сейчас на работе до свидания

Дата: 2020.08.26
Время: 21:10
Уникальный id: 6
Результат действия: Человек
Номер телефона: 84654522
Длительность аудио: 3.600s
Результат распознавания: нет я сейчас на работе до свидания

